2021-11-23 00:16:47,718 [SpringApplicationShutdownHook] INFO  com.zaxxer.hikari.HikariDataSource(close:350) - HikariPool-1 - Shutdown initiated...
2021-11-23 00:16:47,728 [SpringApplicationShutdownHook] INFO  com.zaxxer.hikari.HikariDataSource(close:352) - HikariPool-1 - Shutdown completed.
2021-11-23 00:16:52,019 [background-preinit] INFO  org.hibernate.validator.internal.util.Version(<clinit>:21) - HV000001: Hibernate Validator 6.2.0.Final
2021-11-23 00:16:52,047 [main] INFO  com.sparta.dockingfinalproject.DockingFinalProjectApplication(logStarting:55) - Starting DockingFinalProjectApplication using Java 1.8.0_312 on DESKTOP-0K0L0R9 with PID 8844 (C:\Users\lost_\Desktop\Docking\docking-final-project\build\classes\java\main started by Jinny in C:\Users\lost_\Desktop\Docking\docking-final-project)
2021-11-23 00:16:52,058 [main] INFO  com.sparta.dockingfinalproject.DockingFinalProjectApplication(logStartupProfileInfo:659) - No active profile set, falling back to default profiles: default
2021-11-23 00:16:53,327 [main] INFO  org.apache.coyote.http11.Http11NioProtocol(log:173) - Initializing ProtocolHandler ["http-nio-8080"]
2021-11-23 00:16:53,327 [main] INFO  org.apache.catalina.core.StandardService(log:173) - Starting service [Tomcat]
2021-11-23 00:16:53,327 [main] INFO  org.apache.catalina.core.StandardEngine(log:173) - Starting Servlet engine: [Apache Tomcat/9.0.54]
2021-11-23 00:16:53,408 [main] INFO  org.apache.catalina.core.ContainerBase.[Tomcat].[localhost].[/](log:173) - Initializing Spring embedded WebApplicationContext
2021-11-23 00:16:53,527 [main] INFO  org.hibernate.jpa.internal.util.LogHelper(logPersistenceUnitInformation:31) - HHH000204: Processing PersistenceUnitInfo [name: default]
2021-11-23 00:16:53,557 [main] INFO  org.hibernate.Version(logVersion:44) - HHH000412: Hibernate ORM core version 5.4.32.Final
2021-11-23 00:16:53,668 [main] INFO  org.hibernate.annotations.common.Version(<clinit>:56) - HCANN000001: Hibernate Commons Annotations {5.1.2.Final}
2021-11-23 00:16:53,748 [main] INFO  com.zaxxer.hikari.HikariDataSource(getConnection:110) - HikariPool-1 - Starting...
2021-11-23 00:16:54,178 [main] INFO  com.zaxxer.hikari.HikariDataSource(getConnection:123) - HikariPool-1 - Start completed.
2021-11-23 00:16:54,198 [main] INFO  org.hibernate.dialect.Dialect(<init>:175) - HHH000400: Using dialect: org.hibernate.dialect.MySQL8Dialect
2021-11-23 00:16:57,507 [main] INFO  org.hibernate.engine.transaction.jta.platform.internal.JtaPlatformInitiator(initiateService:52) - HHH000490: Using JtaPlatform implementation: [org.hibernate.engine.transaction.jta.platform.internal.NoJtaPlatform]
2021-11-23 00:16:58,007 [main] WARN  org.springframework.boot.autoconfigure.orm.jpa.JpaBaseConfiguration$JpaWebConfiguration(openEntityManagerInViewInterceptor:219) - spring.jpa.open-in-view is enabled by default. Therefore, database queries may be performed during view rendering. Explicitly configure spring.jpa.open-in-view to disable this warning
2021-11-23 00:17:24,858 [main] INFO  org.apache.coyote.http11.Http11NioProtocol(log:173) - Starting ProtocolHandler ["http-nio-8080"]
2021-11-23 00:17:24,878 [main] INFO  com.sparta.dockingfinalproject.DockingFinalProjectApplication(logStarted:61) - Started DockingFinalProjectApplication in 33.141 seconds (JVM running for 33.93)
2021-11-23 00:18:06,573 [http-nio-8080-exec-1] INFO  org.apache.catalina.core.ContainerBase.[Tomcat].[localhost].[/](log:173) - Initializing Spring DispatcherServlet 'dispatcherServlet'
2021-11-23 00:18:06,660 [http-nio-8080-exec-1] INFO  com.sparta.dockingfinalproject.common.UseTimeAop(execute:27) -    [[   APIUseTime   >>>   4   ]]   
2021-11-23 00:18:12,945 [http-nio-8080-exec-2] INFO  com.sparta.dockingfinalproject.common.UseTimeAop(execute:27) -    [[   APIUseTime   >>>   399   ]]   
2021-11-23 00:18:19,508 [http-nio-8080-exec-4] INFO  com.sparta.dockingfinalproject.common.UseTimeAop(execute:27) -    [[   APIUseTime   >>>   46   ]]   
2021-11-23 00:18:25,949 [http-nio-8080-exec-5] INFO  com.sparta.dockingfinalproject.common.UseTimeAop(execute:27) -    [[   APIUseTime   >>>   46   ]]   
2021-11-23 00:18:29,761 [http-nio-8080-exec-6] INFO  com.sparta.dockingfinalproject.common.UseTimeAop(execute:27) -    [[   APIUseTime   >>>   58   ]]   
2021-11-23 00:18:33,852 [http-nio-8080-exec-7] INFO  com.sparta.dockingfinalproject.common.UseTimeAop(execute:27) -    [[   APIUseTime   >>>   58   ]]   
2021-11-23 00:18:36,933 [http-nio-8080-exec-8] INFO  com.sparta.dockingfinalproject.common.UseTimeAop(execute:27) -    [[   APIUseTime   >>>   211   ]]   
2021-11-23 00:19:37,948 [http-nio-8080-exec-10] INFO  com.sparta.dockingfinalproject.common.UseTimeAop(execute:27) -    [[   APIUseTime   >>>   83   ]]   
2021-11-23 17:34:06,341 [SpringApplicationShutdownHook] INFO  com.zaxxer.hikari.HikariDataSource(close:350) - HikariPool-1 - Shutdown initiated...
2021-11-23 17:34:06,345 [SpringApplicationShutdownHook] INFO  com.zaxxer.hikari.HikariDataSource(close:352) - HikariPool-1 - Shutdown completed.
2021-11-23 17:34:15,547 [background-preinit] INFO  org.hibernate.validator.internal.util.Version(<clinit>:21) - HV000001: Hibernate Validator 6.2.0.Final
2021-11-23 17:34:15,577 [main] INFO  com.sparta.dockingfinalproject.DockingFinalProjectApplication(logStarting:55) - Starting DockingFinalProjectApplication using Java 1.8.0_312 on DESKTOP-0K0L0R9 with PID 14320 (C:\Users\lost_\Desktop\Docking\docking-final-project\build\classes\java\main started by Jinny in C:\Users\lost_\Desktop\Docking\docking-final-project)
2021-11-23 17:34:15,580 [main] INFO  com.sparta.dockingfinalproject.DockingFinalProjectApplication(logStartupProfileInfo:659) - No active profile set, falling back to default profiles: default
2021-11-23 17:34:16,836 [main] INFO  org.apache.coyote.http11.Http11NioProtocol(log:173) - Initializing ProtocolHandler ["http-nio-8080"]
2021-11-23 17:34:16,837 [main] INFO  org.apache.catalina.core.StandardService(log:173) - Starting service [Tomcat]
2021-11-23 17:34:16,837 [main] INFO  org.apache.catalina.core.StandardEngine(log:173) - Starting Servlet engine: [Apache Tomcat/9.0.54]
2021-11-23 17:34:16,925 [main] INFO  org.apache.catalina.core.ContainerBase.[Tomcat].[localhost].[/](log:173) - Initializing Spring embedded WebApplicationContext
2021-11-23 17:34:17,038 [main] INFO  org.hibernate.jpa.internal.util.LogHelper(logPersistenceUnitInformation:31) - HHH000204: Processing PersistenceUnitInfo [name: default]
2021-11-23 17:34:17,074 [main] INFO  org.hibernate.Version(logVersion:44) - HHH000412: Hibernate ORM core version 5.4.32.Final
2021-11-23 17:34:17,175 [main] INFO  org.hibernate.annotations.common.Version(<clinit>:56) - HCANN000001: Hibernate Commons Annotations {5.1.2.Final}
2021-11-23 17:34:17,255 [main] INFO  com.zaxxer.hikari.HikariDataSource(getConnection:110) - HikariPool-1 - Starting...
2021-11-23 17:34:17,685 [main] INFO  com.zaxxer.hikari.HikariDataSource(getConnection:123) - HikariPool-1 - Start completed.
2021-11-23 17:34:17,703 [main] INFO  org.hibernate.dialect.Dialect(<init>:175) - HHH000400: Using dialect: org.hibernate.dialect.MySQL8Dialect
2021-11-23 17:34:20,866 [main] INFO  org.hibernate.engine.transaction.jta.platform.internal.JtaPlatformInitiator(initiateService:52) - HHH000490: Using JtaPlatform implementation: [org.hibernate.engine.transaction.jta.platform.internal.NoJtaPlatform]
2021-11-23 17:34:21,367 [main] WARN  org.springframework.boot.autoconfigure.orm.jpa.JpaBaseConfiguration$JpaWebConfiguration(openEntityManagerInViewInterceptor:219) - spring.jpa.open-in-view is enabled by default. Therefore, database queries may be performed during view rendering. Explicitly configure spring.jpa.open-in-view to disable this warning
2021-11-23 17:34:47,099 [main] INFO  org.apache.coyote.http11.Http11NioProtocol(log:173) - Starting ProtocolHandler ["http-nio-8080"]
2021-11-23 17:34:47,123 [main] INFO  com.sparta.dockingfinalproject.DockingFinalProjectApplication(logStarted:61) - Started DockingFinalProjectApplication in 31.86 seconds (JVM running for 32.664)
2021-11-23 17:41:14,689 [http-nio-8080-exec-1] INFO  org.apache.catalina.core.ContainerBase.[Tomcat].[localhost].[/](log:173) - Initializing Spring DispatcherServlet 'dispatcherServlet'
2021-11-23 17:41:15,123 [http-nio-8080-exec-1] INFO  com.sparta.dockingfinalproject.common.UseTimeAop(execute:27) -    [[   APIUseTime   >>>   350   ]]   
2021-11-23 21:15:57,777 [SpringApplicationShutdownHook] INFO  com.zaxxer.hikari.HikariDataSource(close:350) - HikariPool-1 - Shutdown initiated...
2021-11-23 21:15:57,779 [SpringApplicationShutdownHook] INFO  com.zaxxer.hikari.HikariDataSource(close:352) - HikariPool-1 - Shutdown completed.
2021-11-23 21:16:03,357 [background-preinit] INFO  org.hibernate.validator.internal.util.Version(<clinit>:21) - HV000001: Hibernate Validator 6.2.0.Final
2021-11-23 21:16:03,387 [main] INFO  com.sparta.dockingfinalproject.DockingFinalProjectApplication(logStarting:55) - Starting DockingFinalProjectApplication using Java 1.8.0_312 on DESKTOP-0K0L0R9 with PID 4128 (C:\Users\lost_\Desktop\Docking\docking-final-project\build\classes\java\main started by Jinny in C:\Users\lost_\Desktop\Docking\docking-final-project)
2021-11-23 21:16:03,390 [main] INFO  com.sparta.dockingfinalproject.DockingFinalProjectApplication(logStartupProfileInfo:659) - No active profile set, falling back to default profiles: default
2021-11-23 21:16:03,595 [main] WARN  org.springframework.boot.web.servlet.context.AnnotationConfigServletWebServerApplicationContext(refresh:591) - Exception encountered during context initialization - cancelling refresh attempt: org.springframework.beans.factory.BeanDefinitionStoreException: Failed to parse configuration class [com.sparta.dockingfinalproject.DockingFinalProjectApplication]; nested exception is java.io.FileNotFoundException: class path resource [email.properties] cannot be opened because it does not exist
2021-11-23 21:16:03,652 [main] ERROR org.springframework.boot.SpringApplication(reportFailure:843) - Application run failed
org.springframework.beans.factory.BeanDefinitionStoreException: Failed to parse configuration class [com.sparta.dockingfinalproject.DockingFinalProjectApplication]; nested exception is java.io.FileNotFoundException: class path resource [email.properties] cannot be opened because it does not exist
	at org.springframework.context.annotation.ConfigurationClassParser.parse(ConfigurationClassParser.java:189) ~[spring-context-5.3.12.jar:5.3.12]
	at org.springframework.context.annotation.ConfigurationClassPostProcessor.processConfigBeanDefinitions(ConfigurationClassPostProcessor.java:331) ~[spring-context-5.3.12.jar:5.3.12]
	at org.springframework.context.annotation.ConfigurationClassPostProcessor.postProcessBeanDefinitionRegistry(ConfigurationClassPostProcessor.java:247) ~[spring-context-5.3.12.jar:5.3.12]
	at org.springframework.context.support.PostProcessorRegistrationDelegate.invokeBeanDefinitionRegistryPostProcessors(PostProcessorRegistrationDelegate.java:311) ~[spring-context-5.3.12.jar:5.3.12]
	at org.springframework.context.support.PostProcessorRegistrationDelegate.invokeBeanFactoryPostProcessors(PostProcessorRegistrationDelegate.java:112) ~[spring-context-5.3.12.jar:5.3.12]
	at org.springframework.context.support.AbstractApplicationContext.invokeBeanFactoryPostProcessors(AbstractApplicationContext.java:746) ~[spring-context-5.3.12.jar:5.3.12]
	at org.springframework.context.support.AbstractApplicationContext.refresh(AbstractApplicationContext.java:564) ~[spring-context-5.3.12.jar:5.3.12]
	at org.springframework.boot.web.servlet.context.ServletWebServerApplicationContext.refresh(ServletWebServerApplicationContext.java:145) ~[spring-boot-2.5.6.jar:2.5.6]
	at org.springframework.boot.SpringApplication.refresh(SpringApplication.java:754) [spring-boot-2.5.6.jar:2.5.6]
	at org.springframework.boot.SpringApplication.refreshContext(SpringApplication.java:434) [spring-boot-2.5.6.jar:2.5.6]
	at org.springframework.boot.SpringApplication.run(SpringApplication.java:338) [spring-boot-2.5.6.jar:2.5.6]
	at org.springframework.boot.SpringApplication.run(SpringApplication.java:1343) [spring-boot-2.5.6.jar:2.5.6]
	at org.springframework.boot.SpringApplication.run(SpringApplication.java:1332) [spring-boot-2.5.6.jar:2.5.6]
	at com.sparta.dockingfinalproject.DockingFinalProjectApplication.main(DockingFinalProjectApplication.java:15) [main/:?]
Caused by: java.io.FileNotFoundException: class path resource [email.properties] cannot be opened because it does not exist
	at org.springframework.core.io.ClassPathResource.getInputStream(ClassPathResource.java:199) ~[spring-core-5.3.12.jar:5.3.12]
	at org.springframework.core.io.support.EncodedResource.getInputStream(EncodedResource.java:159) ~[spring-core-5.3.12.jar:5.3.12]
	at org.springframework.core.io.support.PropertiesLoaderUtils.fillProperties(PropertiesLoaderUtils.java:110) ~[spring-core-5.3.12.jar:5.3.12]
	at org.springframework.core.io.support.PropertiesLoaderUtils.fillProperties(PropertiesLoaderUtils.java:81) ~[spring-core-5.3.12.jar:5.3.12]
	at org.springframework.core.io.support.PropertiesLoaderUtils.loadProperties(PropertiesLoaderUtils.java:67) ~[spring-core-5.3.12.jar:5.3.12]
	at org.springframework.core.io.support.ResourcePropertySource.<init>(ResourcePropertySource.java:67) ~[spring-core-5.3.12.jar:5.3.12]
	at org.springframework.core.io.support.DefaultPropertySourceFactory.createPropertySource(DefaultPropertySourceFactory.java:37) ~[spring-core-5.3.12.jar:5.3.12]
	at org.springframework.context.annotation.ConfigurationClassParser.processPropertySource(ConfigurationClassParser.java:463) ~[spring-context-5.3.12.jar:5.3.12]
	at org.springframework.context.annotation.ConfigurationClassParser.doProcessConfigurationClass(ConfigurationClassParser.java:280) ~[spring-context-5.3.12.jar:5.3.12]
	at org.springframework.context.annotation.ConfigurationClassParser.processConfigurationClass(ConfigurationClassParser.java:250) ~[spring-context-5.3.12.jar:5.3.12]
	at org.springframework.context.annotation.ConfigurationClassParser.parse(ConfigurationClassParser.java:199) ~[spring-context-5.3.12.jar:5.3.12]
	at org.springframework.context.annotation.ConfigurationClassParser.doProcessConfigurationClass(ConfigurationClassParser.java:304) ~[spring-context-5.3.12.jar:5.3.12]
	at org.springframework.context.annotation.ConfigurationClassParser.processConfigurationClass(ConfigurationClassParser.java:250) ~[spring-context-5.3.12.jar:5.3.12]
	at org.springframework.context.annotation.ConfigurationClassParser.parse(ConfigurationClassParser.java:207) ~[spring-context-5.3.12.jar:5.3.12]
	at org.springframework.context.annotation.ConfigurationClassParser.parse(ConfigurationClassParser.java:175) ~[spring-context-5.3.12.jar:5.3.12]
	... 13 more
2021-11-23 21:19:49,310 [background-preinit] INFO  org.hibernate.validator.internal.util.Version(<clinit>:21) - HV000001: Hibernate Validator 6.2.0.Final
2021-11-23 21:19:49,358 [main] INFO  com.sparta.dockingfinalproject.DockingFinalProjectApplication(logStarting:55) - Starting DockingFinalProjectApplication using Java 1.8.0_312 on DESKTOP-0K0L0R9 with PID 6772 (C:\Users\lost_\Desktop\Docking\docking-final-project\build\classes\java\main started by Jinny in C:\Users\lost_\Desktop\Docking\docking-final-project)
2021-11-23 21:19:49,361 [main] INFO  com.sparta.dockingfinalproject.DockingFinalProjectApplication(logStartupProfileInfo:659) - No active profile set, falling back to default profiles: default
2021-11-23 21:19:50,594 [main] INFO  org.apache.coyote.http11.Http11NioProtocol(log:173) - Initializing ProtocolHandler ["http-nio-8080"]
2021-11-23 21:19:50,594 [main] INFO  org.apache.catalina.core.StandardService(log:173) - Starting service [Tomcat]
2021-11-23 21:19:50,594 [main] INFO  org.apache.catalina.core.StandardEngine(log:173) - Starting Servlet engine: [Apache Tomcat/9.0.54]
2021-11-23 21:19:50,682 [main] INFO  org.apache.catalina.core.ContainerBase.[Tomcat].[localhost].[/](log:173) - Initializing Spring embedded WebApplicationContext
2021-11-23 21:19:50,770 [main] INFO  com.zaxxer.hikari.HikariDataSource(getConnection:110) - HikariPool-1 - Starting...
2021-11-23 21:19:50,855 [main] INFO  com.zaxxer.hikari.HikariDataSource(getConnection:123) - HikariPool-1 - Start completed.
2021-11-23 21:19:50,893 [main] INFO  org.hibernate.jpa.internal.util.LogHelper(logPersistenceUnitInformation:31) - HHH000204: Processing PersistenceUnitInfo [name: default]
2021-11-23 21:19:50,931 [main] INFO  org.hibernate.Version(logVersion:44) - HHH000412: Hibernate ORM core version 5.4.32.Final
2021-11-23 21:19:51,027 [main] INFO  org.hibernate.annotations.common.Version(<clinit>:56) - HCANN000001: Hibernate Commons Annotations {5.1.2.Final}
2021-11-23 21:19:51,119 [main] INFO  org.hibernate.dialect.Dialect(<init>:175) - HHH000400: Using dialect: org.hibernate.dialect.H2Dialect
2021-11-23 21:19:51,756 [main] INFO  org.hibernate.engine.transaction.jta.platform.internal.JtaPlatformInitiator(initiateService:52) - HHH000490: Using JtaPlatform implementation: [org.hibernate.engine.transaction.jta.platform.internal.NoJtaPlatform]
2021-11-23 21:19:52,356 [main] WARN  org.springframework.boot.autoconfigure.orm.jpa.JpaBaseConfiguration$JpaWebConfiguration(openEntityManagerInViewInterceptor:219) - spring.jpa.open-in-view is enabled by default. Therefore, database queries may be performed during view rendering. Explicitly configure spring.jpa.open-in-view to disable this warning
2021-11-23 21:19:58,614 [main] WARN  org.springframework.boot.web.servlet.context.AnnotationConfigServletWebServerApplicationContext(refresh:591) - Exception encountered during context initialization - cancelling refresh attempt: org.springframework.beans.factory.BeanCreationException: Error creating bean with name 'redisConfig': Injection of autowired dependencies failed; nested exception is java.lang.IllegalArgumentException: Could not resolve placeholder 'spring.redis.host' in value "${spring.redis.host}"
2021-11-23 21:19:58,617 [main] INFO  org.hibernate.tool.schema.internal.SchemaDropperImpl$DelayedDropActionImpl(perform:526) - HHH000477: Starting delayed evictData of schema as part of SessionFactory shut-down'
2021-11-23 21:19:58,623 [main] INFO  com.zaxxer.hikari.HikariDataSource(close:350) - HikariPool-1 - Shutdown initiated...
2021-11-23 21:19:58,624 [main] INFO  com.zaxxer.hikari.HikariDataSource(close:352) - HikariPool-1 - Shutdown completed.
2021-11-23 21:19:58,625 [main] INFO  org.apache.catalina.core.StandardService(log:173) - Stopping service [Tomcat]
2021-11-23 21:19:58,650 [main] ERROR org.springframework.boot.SpringApplication(reportFailure:843) - Application run failed
org.springframework.beans.factory.BeanCreationException: Error creating bean with name 'redisConfig': Injection of autowired dependencies failed; nested exception is java.lang.IllegalArgumentException: Could not resolve placeholder 'spring.redis.host' in value "${spring.redis.host}"
	at org.springframework.beans.factory.annotation.AutowiredAnnotationBeanPostProcessor.postProcessProperties(AutowiredAnnotationBeanPostProcessor.java:405) ~[spring-beans-5.3.12.jar:5.3.12]
	at org.springframework.beans.factory.support.AbstractAutowireCapableBeanFactory.populateBean(AbstractAutowireCapableBeanFactory.java:1431) ~[spring-beans-5.3.12.jar:5.3.12]
	at org.springframework.beans.factory.support.AbstractAutowireCapableBeanFactory.doCreateBean(AbstractAutowireCapableBeanFactory.java:619) ~[spring-beans-5.3.12.jar:5.3.12]
	at org.springframework.beans.factory.support.AbstractAutowireCapableBeanFactory.createBean(AbstractAutowireCapableBeanFactory.java:542) ~[spring-beans-5.3.12.jar:5.3.12]
	at org.springframework.beans.factory.support.AbstractBeanFactory.lambda$doGetBean$0(AbstractBeanFactory.java:335) ~[spring-beans-5.3.12.jar:5.3.12]
	at org.springframework.beans.factory.support.DefaultSingletonBeanRegistry.getSingleton(DefaultSingletonBeanRegistry.java:234) ~[spring-beans-5.3.12.jar:5.3.12]
	at org.springframework.beans.factory.support.AbstractBeanFactory.doGetBean(AbstractBeanFactory.java:333) ~[spring-beans-5.3.12.jar:5.3.12]
	at org.springframework.beans.factory.support.AbstractBeanFactory.getBean(AbstractBeanFactory.java:208) ~[spring-beans-5.3.12.jar:5.3.12]
	at org.springframework.beans.factory.support.DefaultListableBeanFactory.preInstantiateSingletons(DefaultListableBeanFactory.java:944) ~[spring-beans-5.3.12.jar:5.3.12]
	at org.springframework.context.support.AbstractApplicationContext.finishBeanFactoryInitialization(AbstractApplicationContext.java:918) ~[spring-context-5.3.12.jar:5.3.12]
	at org.springframework.context.support.AbstractApplicationContext.refresh(AbstractApplicationContext.java:583) ~[spring-context-5.3.12.jar:5.3.12]
	at org.springframework.boot.web.servlet.context.ServletWebServerApplicationContext.refresh(ServletWebServerApplicationContext.java:145) ~[spring-boot-2.5.6.jar:2.5.6]
	at org.springframework.boot.SpringApplication.refresh(SpringApplication.java:754) [spring-boot-2.5.6.jar:2.5.6]
	at org.springframework.boot.SpringApplication.refreshContext(SpringApplication.java:434) [spring-boot-2.5.6.jar:2.5.6]
	at org.springframework.boot.SpringApplication.run(SpringApplication.java:338) [spring-boot-2.5.6.jar:2.5.6]
	at org.springframework.boot.SpringApplication.run(SpringApplication.java:1343) [spring-boot-2.5.6.jar:2.5.6]
	at org.springframework.boot.SpringApplication.run(SpringApplication.java:1332) [spring-boot-2.5.6.jar:2.5.6]
	at com.sparta.dockingfinalproject.DockingFinalProjectApplication.main(DockingFinalProjectApplication.java:15) [main/:?]
Caused by: java.lang.IllegalArgumentException: Could not resolve placeholder 'spring.redis.host' in value "${spring.redis.host}"
	at org.springframework.util.PropertyPlaceholderHelper.parseStringValue(PropertyPlaceholderHelper.java:180) ~[spring-core-5.3.12.jar:5.3.12]
	at org.springframework.util.PropertyPlaceholderHelper.replacePlaceholders(PropertyPlaceholderHelper.java:126) ~[spring-core-5.3.12.jar:5.3.12]
	at org.springframework.core.env.AbstractPropertyResolver.doResolvePlaceholders(AbstractPropertyResolver.java:239) ~[spring-core-5.3.12.jar:5.3.12]
	at org.springframework.core.env.AbstractPropertyResolver.resolveRequiredPlaceholders(AbstractPropertyResolver.java:210) ~[spring-core-5.3.12.jar:5.3.12]
	at org.springframework.context.support.PropertySourcesPlaceholderConfigurer.lambda$processProperties$0(PropertySourcesPlaceholderConfigurer.java:175) ~[spring-context-5.3.12.jar:5.3.12]
	at org.springframework.beans.factory.support.AbstractBeanFactory.resolveEmbeddedValue(AbstractBeanFactory.java:936) ~[spring-beans-5.3.12.jar:5.3.12]
	at org.springframework.beans.factory.support.DefaultListableBeanFactory.doResolveDependency(DefaultListableBeanFactory.java:1321) ~[spring-beans-5.3.12.jar:5.3.12]
	at org.springframework.beans.factory.support.DefaultListableBeanFactory.resolveDependency(DefaultListableBeanFactory.java:1300) ~[spring-beans-5.3.12.jar:5.3.12]
	at org.springframework.beans.factory.annotation.AutowiredAnnotationBeanPostProcessor$AutowiredFieldElement.resolveFieldValue(AutowiredAnnotationBeanPostProcessor.java:656) ~[spring-beans-5.3.12.jar:5.3.12]
	at org.springframework.beans.factory.annotation.AutowiredAnnotationBeanPostProcessor$AutowiredFieldElement.inject(AutowiredAnnotationBeanPostProcessor.java:639) ~[spring-beans-5.3.12.jar:5.3.12]
	at org.springframework.beans.factory.annotation.InjectionMetadata.inject(InjectionMetadata.java:119) ~[spring-beans-5.3.12.jar:5.3.12]
	at org.springframework.beans.factory.annotation.AutowiredAnnotationBeanPostProcessor.postProcessProperties(AutowiredAnnotationBeanPostProcessor.java:399) ~[spring-beans-5.3.12.jar:5.3.12]
	... 17 more
2021-11-23 21:28:20,062 [background-preinit] INFO  org.hibernate.validator.internal.util.Version(<clinit>:21) - HV000001: Hibernate Validator 6.2.0.Final
2021-11-23 21:28:20,097 [main] INFO  com.sparta.dockingfinalproject.DockingFinalProjectApplication(logStarting:55) - Starting DockingFinalProjectApplication using Java 1.8.0_312 on DESKTOP-0K0L0R9 with PID 7332 (C:\Users\lost_\Desktop\Docking\docking-final-project\build\classes\java\main started by Jinny in C:\Users\lost_\Desktop\Docking\docking-final-project)
2021-11-23 21:28:20,120 [main] INFO  com.sparta.dockingfinalproject.DockingFinalProjectApplication(logStartupProfileInfo:659) - No active profile set, falling back to default profiles: default
2021-11-23 21:28:21,400 [main] INFO  org.apache.coyote.http11.Http11NioProtocol(log:173) - Initializing ProtocolHandler ["http-nio-8080"]
2021-11-23 21:28:21,401 [main] INFO  org.apache.catalina.core.StandardService(log:173) - Starting service [Tomcat]
2021-11-23 21:28:21,401 [main] INFO  org.apache.catalina.core.StandardEngine(log:173) - Starting Servlet engine: [Apache Tomcat/9.0.54]
2021-11-23 21:28:21,487 [main] INFO  org.apache.catalina.core.ContainerBase.[Tomcat].[localhost].[/](log:173) - Initializing Spring embedded WebApplicationContext
2021-11-23 21:28:21,601 [main] INFO  org.hibernate.jpa.internal.util.LogHelper(logPersistenceUnitInformation:31) - HHH000204: Processing PersistenceUnitInfo [name: default]
2021-11-23 21:28:21,638 [main] INFO  org.hibernate.Version(logVersion:44) - HHH000412: Hibernate ORM core version 5.4.32.Final
2021-11-23 21:28:21,738 [main] INFO  org.hibernate.annotations.common.Version(<clinit>:56) - HCANN000001: Hibernate Commons Annotations {5.1.2.Final}
2021-11-23 21:28:21,817 [main] INFO  com.zaxxer.hikari.HikariDataSource(getConnection:110) - HikariPool-1 - Starting...
2021-11-23 21:28:22,219 [main] INFO  com.zaxxer.hikari.HikariDataSource(getConnection:123) - HikariPool-1 - Start completed.
2021-11-23 21:28:22,237 [main] INFO  org.hibernate.dialect.Dialect(<init>:175) - HHH000400: Using dialect: org.hibernate.dialect.MySQL8Dialect
2021-11-23 21:28:25,006 [main] INFO  org.hibernate.engine.transaction.jta.platform.internal.JtaPlatformInitiator(initiateService:52) - HHH000490: Using JtaPlatform implementation: [org.hibernate.engine.transaction.jta.platform.internal.NoJtaPlatform]
2021-11-23 21:28:25,608 [main] WARN  org.springframework.boot.autoconfigure.orm.jpa.JpaBaseConfiguration$JpaWebConfiguration(openEntityManagerInViewInterceptor:219) - spring.jpa.open-in-view is enabled by default. Therefore, database queries may be performed during view rendering. Explicitly configure spring.jpa.open-in-view to disable this warning
2021-11-23 21:28:51,279 [main] INFO  org.apache.coyote.http11.Http11NioProtocol(log:173) - Starting ProtocolHandler ["http-nio-8080"]
2021-11-23 21:28:51,303 [main] INFO  com.sparta.dockingfinalproject.DockingFinalProjectApplication(logStarted:61) - Started DockingFinalProjectApplication in 31.557 seconds (JVM running for 32.499)
2021-11-23 21:29:06,463 [http-nio-8080-exec-1] INFO  org.apache.catalina.core.ContainerBase.[Tomcat].[localhost].[/](log:173) - Initializing Spring DispatcherServlet 'dispatcherServlet'
2021-11-23 21:29:06,752 [http-nio-8080-exec-1] INFO  com.sparta.dockingfinalproject.common.UseTimeAop(execute:27) -    [[   APIUseTime   >>>   208   ]]   
2021-11-23 21:29:26,731 [http-nio-8080-exec-3] INFO  com.sparta.dockingfinalproject.common.UseTimeAop(execute:27) -    [[   APIUseTime   >>>   41   ]]   
2021-11-23 23:00:50,387 [SpringApplicationShutdownHook] INFO  com.zaxxer.hikari.HikariDataSource(close:350) - HikariPool-1 - Shutdown initiated...
2021-11-23 23:00:50,387 [SpringApplicationShutdownHook] INFO  com.zaxxer.hikari.HikariDataSource(close:352) - HikariPool-1 - Shutdown completed.
2021-11-23 23:00:53,287 [background-preinit] INFO  org.hibernate.validator.internal.util.Version(<clinit>:21) - HV000001: Hibernate Validator 6.2.0.Final
2021-11-23 23:00:53,317 [main] INFO  com.sparta.dockingfinalproject.DockingFinalProjectApplication(logStarting:55) - Starting DockingFinalProjectApplication using Java 1.8.0_312 on DESKTOP-0K0L0R9 with PID 12504 (C:\Users\lost_\Desktop\Docking\docking-final-project\build\classes\java\main started by Jinny in C:\Users\lost_\Desktop\Docking\docking-final-project)
2021-11-23 23:00:53,317 [main] INFO  com.sparta.dockingfinalproject.DockingFinalProjectApplication(logStartupProfileInfo:659) - No active profile set, falling back to default profiles: default
2021-11-23 23:00:54,627 [main] INFO  org.apache.coyote.http11.Http11NioProtocol(log:173) - Initializing ProtocolHandler ["http-nio-8080"]
2021-11-23 23:00:54,627 [main] INFO  org.apache.catalina.core.StandardService(log:173) - Starting service [Tomcat]
2021-11-23 23:00:54,627 [main] INFO  org.apache.catalina.core.StandardEngine(log:173) - Starting Servlet engine: [Apache Tomcat/9.0.54]
2021-11-23 23:00:54,727 [main] INFO  org.apache.catalina.core.ContainerBase.[Tomcat].[localhost].[/](log:173) - Initializing Spring embedded WebApplicationContext
2021-11-23 23:00:54,837 [main] INFO  org.hibernate.jpa.internal.util.LogHelper(logPersistenceUnitInformation:31) - HHH000204: Processing PersistenceUnitInfo [name: default]
2021-11-23 23:00:54,872 [main] INFO  org.hibernate.Version(logVersion:44) - HHH000412: Hibernate ORM core version 5.4.32.Final
2021-11-23 23:00:54,977 [main] INFO  org.hibernate.annotations.common.Version(<clinit>:56) - HCANN000001: Hibernate Commons Annotations {5.1.2.Final}
2021-11-23 23:00:55,057 [main] INFO  com.zaxxer.hikari.HikariDataSource(getConnection:110) - HikariPool-1 - Starting...
2021-11-23 23:00:55,437 [main] INFO  com.zaxxer.hikari.HikariDataSource(getConnection:123) - HikariPool-1 - Start completed.
2021-11-23 23:00:55,457 [main] INFO  org.hibernate.dialect.Dialect(<init>:175) - HHH000400: Using dialect: org.hibernate.dialect.MySQL8Dialect
2021-11-23 23:00:58,537 [main] INFO  org.hibernate.engine.transaction.jta.platform.internal.JtaPlatformInitiator(initiateService:52) - HHH000490: Using JtaPlatform implementation: [org.hibernate.engine.transaction.jta.platform.internal.NoJtaPlatform]
2021-11-23 23:00:59,037 [main] WARN  org.springframework.boot.autoconfigure.orm.jpa.JpaBaseConfiguration$JpaWebConfiguration(openEntityManagerInViewInterceptor:219) - spring.jpa.open-in-view is enabled by default. Therefore, database queries may be performed during view rendering. Explicitly configure spring.jpa.open-in-view to disable this warning
2021-11-23 23:01:23,948 [main] INFO  org.apache.coyote.http11.Http11NioProtocol(log:173) - Starting ProtocolHandler ["http-nio-8080"]
2021-11-23 23:01:23,977 [main] INFO  com.sparta.dockingfinalproject.DockingFinalProjectApplication(logStarted:61) - Started DockingFinalProjectApplication in 30.984 seconds (JVM running for 31.987)
2021-11-23 23:01:31,157 [background-preinit] INFO  org.hibernate.validator.internal.util.Version(<clinit>:21) - HV000001: Hibernate Validator 6.2.0.Final
2021-11-23 23:01:31,187 [Test worker] INFO  com.sparta.dockingfinalproject.DockingFinalProjectApplicationTests(logStarting:55) - Starting DockingFinalProjectApplicationTests using Java 1.8.0_312 on DESKTOP-0K0L0R9 with PID 11176 (started by Jinny in C:\Users\lost_\Desktop\Docking\docking-final-project)
2021-11-23 23:01:31,187 [Test worker] INFO  com.sparta.dockingfinalproject.DockingFinalProjectApplicationTests(logStartupProfileInfo:659) - No active profile set, falling back to default profiles: default
2021-11-23 23:01:32,772 [Test worker] INFO  org.hibernate.jpa.internal.util.LogHelper(logPersistenceUnitInformation:31) - HHH000204: Processing PersistenceUnitInfo [name: default]
2021-11-23 23:01:32,827 [Test worker] INFO  org.hibernate.Version(logVersion:44) - HHH000412: Hibernate ORM core version 5.4.32.Final
2021-11-23 23:01:32,867 [Test worker] INFO  org.hibernate.annotations.common.Version(<clinit>:56) - HCANN000001: Hibernate Commons Annotations {5.1.2.Final}
2021-11-23 23:01:32,983 [Test worker] INFO  com.zaxxer.hikari.HikariDataSource(getConnection:110) - HikariPool-1 - Starting...
2021-11-23 23:01:33,507 [Test worker] INFO  com.zaxxer.hikari.HikariDataSource(getConnection:123) - HikariPool-1 - Start completed.
2021-11-23 23:01:33,547 [Test worker] INFO  org.hibernate.dialect.Dialect(<init>:175) - HHH000400: Using dialect: org.hibernate.dialect.MySQL8Dialect
2021-11-23 23:01:36,957 [Test worker] INFO  org.hibernate.engine.transaction.jta.platform.internal.JtaPlatformInitiator(initiateService:52) - HHH000490: Using JtaPlatform implementation: [org.hibernate.engine.transaction.jta.platform.internal.NoJtaPlatform]
2021-11-23 23:01:37,780 [Test worker] WARN  org.springframework.boot.autoconfigure.orm.jpa.JpaBaseConfiguration$JpaWebConfiguration(openEntityManagerInViewInterceptor:219) - spring.jpa.open-in-view is enabled by default. Therefore, database queries may be performed during view rendering. Explicitly configure spring.jpa.open-in-view to disable this warning
2021-11-23 23:02:05,367 [Test worker] INFO  com.sparta.dockingfinalproject.DockingFinalProjectApplicationTests(logStarted:61) - Started DockingFinalProjectApplicationTests in 34.43 seconds (JVM running for 36.309)
2021-11-23 23:02:07,387 [SpringApplicationShutdownHook] INFO  com.zaxxer.hikari.HikariDataSource(close:350) - HikariPool-1 - Shutdown initiated...
2021-11-23 23:02:07,397 [SpringApplicationShutdownHook] INFO  com.zaxxer.hikari.HikariDataSource(close:352) - HikariPool-1 - Shutdown completed.
